2024-01-15 10:00:01,234 INFO  [com.example.app.Application] - Starting OrderService v3.2.1
2024-01-15 10:00:01,567 INFO  [com.example.app.Application] - Active profiles: production
2024-01-15 10:00:02,890 INFO  [com.example.app.config.DatabaseConfig] - Initializing connection pool host=db-master.prod.internal maxSize=20
2024-01-15 10:00:03,123 DEBUG [com.zaxxer.hikari.HikariConfig] - HikariPool-1 - configuration:
2024-01-15 10:00:03,124 DEBUG [com.zaxxer.hikari.HikariConfig] -  jdbcUrl=jdbc:postgresql://db-master.prod.internal:5432/orders
2024-01-15 10:00:03,125 DEBUG [com.zaxxer.hikari.HikariConfig] -  maximumPoolSize=20
2024-01-15 10:00:03,126 DEBUG [com.zaxxer.hikari.HikariConfig] -  connectionTimeout=30000
2024-01-15 10:00:04,456 INFO  [com.zaxxer.hikari.HikariDataSource] - HikariPool-1 - Start completed.
2024-01-15 10:00:05,789 INFO  [com.example.app.config.KafkaConfig] - Connecting to Kafka brokers=kafka-1:9092,kafka-2:9092,kafka-3:9092
2024-01-15 10:00:06,012 INFO  [org.apache.kafka.clients.consumer.ConsumerConfig] - ConsumerConfig values:
	bootstrap.servers = [kafka-1:9092, kafka-2:9092, kafka-3:9092]
	group.id = order-service-prod
	auto.offset.reset = latest
	max.poll.records = 500
2024-01-15 10:00:07,345 INFO  [com.example.app.Application] - Application started in 6.111s
2024-01-15 10:00:10,678 INFO  [com.example.app.api.OrderController] - POST /api/orders - Creating order for user_id=1001
2024-01-15 10:00:10,901 DEBUG [com.example.app.service.OrderService] - Validating order: items=3 total=299.97
2024-01-15 10:00:11,234 DEBUG [com.example.app.service.InventoryClient] - Checking inventory for SKU-001, SKU-002, SKU-003
2024-01-15 10:00:11,567 INFO  [com.example.app.service.OrderService] - Order created successfully order_id=ORD-20240115-0001 user_id=1001 total=299.97
2024-01-15 10:00:11,890 INFO  [com.example.app.messaging.OrderEventPublisher] - Published event=ORDER_CREATED order_id=ORD-20240115-0001 topic=orders.events
2024-01-15 10:00:15,123 INFO  [com.example.app.api.OrderController] - GET /api/orders/ORD-20240115-0001 - 200 OK (12ms)
2024-01-15 10:00:20,456 INFO  [com.example.app.api.OrderController] - POST /api/orders - Creating order for user_id=1002
2024-01-15 10:00:20,789 DEBUG [com.example.app.service.OrderService] - Validating order: items=1 total=49.99
2024-01-15 10:00:21,012 WARN  [com.example.app.service.InventoryClient] - Inventory check slow duration=1234ms threshold=1000ms sku=SKU-007
2024-01-15 10:00:21,345 INFO  [com.example.app.service.OrderService] - Order created successfully order_id=ORD-20240115-0002 user_id=1002 total=49.99
2024-01-15 10:00:25,678 INFO  [com.example.app.api.OrderController] - POST /api/orders - Creating order for user_id=1003
2024-01-15 10:00:25,901 DEBUG [com.example.app.service.OrderService] - Validating order: items=5 total=1249.95
2024-01-15 10:00:26,234 ERROR [com.example.app.service.InventoryClient] - Inventory check failed for SKU-042
com.example.app.exception.ServiceUnavailableException: Connection refused to inventory-service:8080
	at com.example.app.service.InventoryClient.checkAvailability(InventoryClient.java:87)
	at com.example.app.service.InventoryClient.validateItems(InventoryClient.java:45)
	at com.example.app.service.OrderService.createOrder(OrderService.java:112)
	at com.example.app.api.OrderController.createOrder(OrderController.java:56)
	at sun.reflect.NativeMethodAccessorImpl.invoke0(Native Method)
	at org.springframework.web.servlet.FrameworkServlet.service(FrameworkServlet.java:897)
	at javax.servlet.http.HttpServlet.service(HttpServlet.java:750)
	at org.apache.catalina.core.ApplicationFilterChain.doFilter(ApplicationFilterChain.java:166)
Caused by: java.net.ConnectException: Connection refused (Connection refused)
	at java.net.PlainSocketImpl.socketConnect(Native Method)
	at java.net.AbstractPlainSocketImpl.doConnect(AbstractPlainSocketImpl.java:350)
	at java.net.SocksSocketImpl.connect(SocksSocketImpl.java:394)
	at java.net.Socket.connect(Socket.java:607)
	... 12 more
2024-01-15 10:00:26,567 WARN  [com.example.app.service.OrderService] - Falling back to cached inventory data for SKU-042
2024-01-15 10:00:26,890 INFO  [com.example.app.service.OrderService] - Order created with inventory warning order_id=ORD-20240115-0003 user_id=1003
2024-01-15 10:00:30,123 INFO  [com.example.app.api.OrderController] - GET /api/orders?user_id=1001 - 200 OK (23ms)
2024-01-15 10:00:35,456 INFO  [com.example.app.api.OrderController] - PUT /api/orders/ORD-20240115-0001/status - Updating status to PROCESSING
2024-01-15 10:00:35,789 INFO  [com.example.app.messaging.OrderEventPublisher] - Published event=ORDER_STATUS_CHANGED order_id=ORD-20240115-0001 status=PROCESSING
{"timestamp":"2024-01-15T10:00:40.012Z","level":"info","logger":"payment-gateway-sidecar","msg":"Processing payment","order_id":"ORD-20240115-0001","amount":299.97,"currency":"USD"}
{"timestamp":"2024-01-15T10:00:41.345Z","level":"info","logger":"payment-gateway-sidecar","msg":"Payment authorized","order_id":"ORD-20240115-0001","transaction_id":"txn_abc123"}
2024-01-15 10:00:45,678 INFO  [com.example.app.service.PaymentCallbackHandler] - Payment confirmed order_id=ORD-20240115-0001 transaction_id=txn_abc123
2024-01-15 10:00:45,901 INFO  [com.example.app.api.OrderController] - PUT /api/orders/ORD-20240115-0001/status - Updating status to PAID
2024-01-15 10:00:50,234 INFO  [com.example.app.api.OrderController] - POST /api/orders - Creating order for user_id=1004
2024-01-15 10:00:50,567 DEBUG [com.example.app.service.OrderService] - Validating order: items=2 total=179.98
2024-01-15 10:00:50,890 INFO  [com.example.app.service.OrderService] - Order created successfully order_id=ORD-20240115-0004 user_id=1004 total=179.98
2024-01-15 10:00:55,123 INFO  [com.example.app.scheduling.StaleOrderCleanup] - Running stale order cleanup job
2024-01-15 10:00:55,456 DEBUG [com.example.app.scheduling.StaleOrderCleanup] - Found 3 stale orders older than 24h
2024-01-15 10:00:55,789 INFO  [com.example.app.scheduling.StaleOrderCleanup] - Cancelled 3 stale orders: ORD-20240114-0087, ORD-20240114-0091, ORD-20240114-0093
2024-01-15 10:01:00,012 INFO  [com.example.app.api.OrderController] - GET /api/orders?status=PENDING - 200 OK (45ms)
2024-01-15 10:01:05,345 ERROR [com.example.app.messaging.KafkaConsumerService] - Failed to process message from topic=orders.fulfillment partition=2 offset=18923
com.example.app.exception.OrderNotFoundException: Order not found: ORD-20240114-0091
	at com.example.app.service.OrderService.getOrder(OrderService.java:78)
	at com.example.app.messaging.KafkaConsumerService.handleFulfillmentUpdate(KafkaConsumerService.java:134)
	at com.example.app.messaging.KafkaConsumerService.onMessage(KafkaConsumerService.java:67)
	at org.springframework.kafka.listener.adapter.RecordMessagingMessageListenerAdapter.onMessage(RecordMessagingMessageListenerAdapter.java:87)
	at org.springframework.kafka.listener.KafkaMessageListenerContainer$ListenerConsumer.doInvokeRecordListener(KafkaMessageListenerContainer.java:2078)
	... 8 more
2024-01-15 10:01:05,678 WARN  [com.example.app.messaging.KafkaConsumerService] - Skipping stale fulfillment message for cancelled order ORD-20240114-0091
2024-01-15 10:01:10,901 INFO  [com.example.app.api.OrderController] - POST /api/orders - Creating order for user_id=1001
2024-01-15 10:01:11,234 DEBUG [com.example.app.service.OrderService] - Validating order: items=1 total=599.99
2024-01-15 10:01:11,567 DEBUG [com.example.app.service.FraudDetectionService] - Running fraud check user_id=1001 amount=599.99
2024-01-15 10:01:12,890 WARN  [com.example.app.service.FraudDetectionService] - Fraud score elevated user_id=1001 score=0.72 threshold=0.8 reason="high value order from user with recent activity spike"
2024-01-15 10:01:13,123 INFO  [com.example.app.service.OrderService] - Order created with fraud review flag order_id=ORD-20240115-0005 user_id=1001
2024-01-15 10:01:15,456 INFO  [com.example.app.api.OrderController] - GET /api/orders/ORD-20240115-0005 - 200 OK (8ms)
2024-01-15 10:01:20,789 INFO  [com.example.app.api.OrderController] - POST /api/orders - Creating order for user_id=1005
2024-01-15 10:01:21,012 ERROR [com.example.app.service.OrderService] - Failed to create order for user_id=1005
org.springframework.dao.DataIntegrityViolationException: could not execute statement; SQL [n/a]; constraint [orders_user_id_fk]
	at org.springframework.orm.jpa.vendor.HibernateJpaDialect.convertHibernateAccessException(HibernateJpaDialect.java:276)
	at org.springframework.orm.jpa.vendor.HibernateJpaDialect.translateExceptionIfPossible(HibernateJpaDialect.java:233)
	at org.springframework.dao.support.DataAccessUtils.translateIfNecessary(DataAccessUtils.java:165)
	at com.example.app.service.OrderService.createOrder(OrderService.java:125)
	at com.example.app.api.OrderController.createOrder(OrderController.java:56)
	... 15 more
Caused by: org.hibernate.exception.ConstraintViolationException: could not execute statement
	at org.hibernate.exception.internal.SQLStateConversionDelegate.convert(SQLStateConversionDelegate.java:109)
	at org.hibernate.exception.internal.StandardSQLExceptionConverter.convert(StandardSQLExceptionConverter.java:42)
	... 20 more
Caused by: org.postgresql.util.PSQLException: ERROR: insert or update on table "orders" violates foreign key constraint "orders_user_id_fk"
  Detail: Key (user_id)=(1005) is not present in table "users".
	at org.postgresql.core.v3.QueryExecutorImpl.receiveErrorResponse(QueryExecutorImpl.java:2553)
	at org.postgresql.core.v3.QueryExecutorImpl.processResults(QueryExecutorImpl.java:2285)
	... 25 more
2024-01-15 10:01:21,345 INFO  [com.example.app.api.OrderController] - POST /api/orders - 400 Bad Request: user_id=1005 does not exist (15ms)
2024-01-15 10:01:25,678 INFO  [com.example.app.api.OrderController] - GET /api/orders?page=1&size=20 - 200 OK (34ms)
2024-01-15 10:01:30,901 INFO  [com.example.app.api.OrderController] - POST /api/orders - Creating order for user_id=1002
2024-01-15 10:01:31,234 DEBUG [com.example.app.service.OrderService] - Validating order: items=2 total=89.98
2024-01-15 10:01:31,567 INFO  [com.example.app.service.OrderService] - Order created successfully order_id=ORD-20240115-0006 user_id=1002 total=89.98
2024-01-15 10:01:35,890 INFO  [com.example.app.api.HealthController] - GET /actuator/health - 200 OK (2ms)
2024-01-15 10:01:40,123 DEBUG [com.example.app.service.CacheService] - Cache stats: orders{size=156 hits=1423 misses=87 evictions=12}
2024-01-15 10:01:45,456 INFO  [com.example.app.api.OrderController] - PUT /api/orders/ORD-20240115-0002/status - Updating status to SHIPPED
2024-01-15 10:01:45,789 INFO  [com.example.app.messaging.OrderEventPublisher] - Published event=ORDER_SHIPPED order_id=ORD-20240115-0002
{"timestamp":"2024-01-15T10:01:50.012Z","level":"info","logger":"notification-sidecar","msg":"Sending email notification","order_id":"ORD-20240115-0002","template":"order_shipped","recipient":"user1002@example.com"}
{"timestamp":"2024-01-15T10:01:50.345Z","level":"warn","logger":"notification-sidecar","msg":"Email delivery delayed","order_id":"ORD-20240115-0002","reason":"rate_limited","retry_after_ms":5000}
{"timestamp":"2024-01-15T10:01:55.678Z","level":"info","logger":"notification-sidecar","msg":"Email sent successfully","order_id":"ORD-20240115-0002","message_id":"msg_xyz789"}
2024-01-15 10:02:00,901 INFO  [com.example.app.api.OrderController] - POST /api/orders - Creating order for user_id=1003
2024-01-15 10:02:01,234 DEBUG [com.example.app.service.OrderService] - Validating order: items=1 total=29.99
2024-01-15 10:02:01,567 WARN  [com.example.app.service.PromotionService] - Promo code WINTER2024 has expired, ignoring
2024-01-15 10:02:01,890 INFO  [com.example.app.service.OrderService] - Order created successfully order_id=ORD-20240115-0007 user_id=1003 total=29.99
2024-01-15 10:02:05,123 INFO  [com.example.app.api.OrderController] - GET /api/orders/ORD-20240115-0003 - 200 OK (9ms)
2024-01-15 10:02:10,456 ERROR [com.example.app.service.InventoryClient] - Circuit breaker OPEN for inventory-service failures=10 threshold=5 resetTimeout=30s
2024-01-15 10:02:10,789 WARN  [com.example.app.api.OrderController] - Order creation degraded: inventory checks bypassed
2024-01-15 10:02:15,012 INFO  [com.example.app.api.OrderController] - POST /api/orders - Creating order for user_id=1004
2024-01-15 10:02:15,345 WARN  [com.example.app.service.OrderService] - Creating order without inventory verification (circuit breaker open)
2024-01-15 10:02:15,678 INFO  [com.example.app.service.OrderService] - Order created with inventory-unchecked flag order_id=ORD-20240115-0008 user_id=1004
2024-01-15 10:02:20,901 DEBUG [com.example.app.service.MetricsService] - Emitting metrics: orders.created=8 orders.failed=1 avg_latency=234ms p99_latency=1567ms
2024-01-15 10:02:25,234 INFO  [com.example.app.api.OrderController] - GET /api/orders?status=PAID - 200 OK (28ms)
2024-01-15 10:02:30,567 INFO  [com.example.app.api.OrderController] - POST /api/orders/ORD-20240115-0003/refund - Processing refund
2024-01-15 10:02:30,890 DEBUG [com.example.app.service.RefundService] - Calculating refund for ORD-20240115-0003 original_amount=1249.95
2024-01-15 10:02:31,123 INFO  [com.example.app.service.RefundService] - Refund processed order_id=ORD-20240115-0003 amount=1249.95 reason=customer_request
2024-01-15 10:02:31,456 INFO  [com.example.app.messaging.OrderEventPublisher] - Published event=ORDER_REFUNDED order_id=ORD-20240115-0003
2024-01-15 10:02:35,789 INFO  [com.example.app.api.HealthController] - GET /actuator/health - 200 OK (1ms)
2024-01-15 10:02:40,012 INFO  [com.example.app.service.InventoryClient] - Circuit breaker HALF_OPEN for inventory-service, testing connection
2024-01-15 10:02:40,345 INFO  [com.example.app.service.InventoryClient] - Inventory service recovered, circuit breaker CLOSED
2024-01-15 10:02:45,678 INFO  [com.example.app.api.OrderController] - POST /api/orders - Creating order for user_id=1001
2024-01-15 10:02:45,901 DEBUG [com.example.app.service.OrderService] - Validating order: items=3 total=449.97
2024-01-15 10:02:46,234 INFO  [com.example.app.service.OrderService] - Order created successfully order_id=ORD-20240115-0009 user_id=1001 total=449.97
2024-01-15 10:02:50,567 INFO  [com.example.app.api.OrderController] - GET /api/orders?user_id=1001 - 200 OK (31ms)
2024-01-15 10:02:55,890 DEBUG [com.zaxxer.hikari.pool.HikariPool] - HikariPool-1 - Pool stats (total=20, active=3, idle=17, waiting=0)
2024-01-15 10:03:00,123 ERROR [com.example.app.scheduling.ReportGenerationJob] - Failed to generate daily report
java.lang.OutOfMemoryError: Java heap space
	at java.util.Arrays.copyOf(Arrays.java:3236)
	at java.util.ArrayList.grow(ArrayList.java:265)
	at java.util.ArrayList.ensureExplicitCapacity(ArrayList.java:239)
	at com.example.app.scheduling.ReportGenerationJob.loadAllOrders(ReportGenerationJob.java:89)
	at com.example.app.scheduling.ReportGenerationJob.generateDailyReport(ReportGenerationJob.java:45)
	at sun.reflect.NativeMethodAccessorImpl.invoke0(Native Method)
	at org.springframework.scheduling.support.ScheduledMethodRunnable.run(ScheduledMethodRunnable.java:84)
	at java.util.concurrent.Executors$RunnableAdapter.call(Executors.java:511)
	at java.util.concurrent.FutureTask.run(FutureTask.java:266)
	at java.util.concurrent.ThreadPoolExecutor.runWorker(ThreadPoolExecutor.java:1149)
	at java.util.concurrent.ThreadPoolExecutor$Worker.run(ThreadPoolExecutor.java:624)
	at java.lang.Thread.run(Thread.java:748)
2024-01-15 10:03:00,456 WARN  [com.example.app.scheduling.ReportGenerationJob] - Report generation will be retried at next scheduled interval
2024-01-15 10:03:05,789 INFO  [com.example.app.api.OrderController] - POST /api/orders - Creating order for user_id=1006
2024-01-15 10:03:06,012 DEBUG [com.example.app.service.OrderService] - Validating order: items=1 total=19.99
2024-01-15 10:03:06,345 INFO  [com.example.app.service.OrderService] - Order created successfully order_id=ORD-20240115-0010 user_id=1006 total=19.99
2024-01-15 10:03:10,678 INFO  [com.example.app.api.OrderController] - GET /api/orders/ORD-20240115-0009 - 200 OK (7ms)
2024-01-15 10:03:15,901 INFO  [com.example.app.api.OrderController] - PUT /api/orders/ORD-20240115-0004/status - Updating status to PROCESSING
incomplete log line here without proper format
another broken line
2024-01-15 10:03:16,234 INFO  [com.example.app.messaging.OrderEventPublisher] - Published event=ORDER_STATUS_CHANGED order_id=ORD-20240115-0004 status=PROCESSING
2024-01-15 10:03:20,567 INFO  [com.example.app.api.OrderController] - GET /api/orders?page=1&size=50 - 200 OK (67ms)
2024-01-15 10:03:25,890 WARN  [com.example.app.config.DatabaseConfig] - Connection pool utilization high: 85% (17/20 active)
2024-01-15 10:03:30,123 INFO  [com.example.app.api.OrderController] - POST /api/orders - Creating order for user_id=1002
2024-01-15 10:03:30,456 DEBUG [com.example.app.service.OrderService] - Validating order: items=4 total=399.96
2024-01-15 10:03:30,789 INFO  [com.example.app.service.OrderService] - Order created successfully order_id=ORD-20240115-0011 user_id=1002 total=399.96
2024-01-15 10:03:35,012 INFO  [com.example.app.api.HealthController] - GET /actuator/health - 200 OK (1ms)
level=warn ts=2024-01-15T10:03:40.345Z caller=monitor.go:187 component=tsdb msg="head memory exceeded threshold" current=1.2GB limit=1GB
level=error ts=2024-01-15T10:03:40.678Z caller=monitor.go:201 component=tsdb msg="compaction failed" err="write /data/wal/00000123: no space left on device"
2024-01-15 10:03:45,901 WARN  [com.example.app.service.MetricsService] - Failed to push metrics to monitoring: connection timeout
2024-01-15 10:03:50,234 INFO  [com.example.app.api.OrderController] - GET /api/orders/ORD-20240115-0011 - 200 OK (11ms)
2024-01-15 10:03:55,567 INFO  [com.example.app.api.OrderController] - PUT /api/orders/ORD-20240115-0006/status - Updating status to DELIVERED
2024-01-15 10:03:55,890 INFO  [com.example.app.messaging.OrderEventPublisher] - Published event=ORDER_DELIVERED order_id=ORD-20240115-0006
2024-01-15 10:04:00,123 INFO  [com.example.app.api.OrderController] - GET /api/orders?status=PROCESSING - 200 OK (29ms)
2024-01-15 10:04:05,456 DEBUG [com.example.app.service.CacheService] - Cache eviction triggered: orders cache size exceeded maxEntries=500
2024-01-15 10:04:10,789 INFO  [com.example.app.api.OrderController] - POST /api/orders - Creating order for user_id=1003
2024-01-15 10:04:11,012 DEBUG [com.example.app.service.OrderService] - Validating order: items=2 total=149.98
2024-01-15 10:04:11,345 INFO  [com.example.app.service.OrderService] - Order created successfully order_id=ORD-20240115-0012 user_id=1003 total=149.98
2024-01-15 10:04:15,678 INFO  [com.example.app.Application] - Received SIGTERM, initiating graceful shutdown
2024-01-15 10:04:15,901 INFO  [com.example.app.Application] - Stopping Kafka consumer
2024-01-15 10:04:16,234 INFO  [org.apache.kafka.clients.consumer.KafkaConsumer] - Consumer group order-service-prod left the group
2024-01-15 10:04:16,567 INFO  [com.example.app.Application] - Draining in-flight requests count=2
2024-01-15 10:04:17,890 INFO  [com.zaxxer.hikari.HikariDataSource] - HikariPool-1 - Shutdown initiated...
2024-01-15 10:04:18,123 INFO  [com.zaxxer.hikari.HikariDataSource] - HikariPool-1 - Shutdown completed.
2024-01-15 10:04:18,456 INFO  [com.example.app.Application] - Application stopped gracefully uptime=4m17s orders_processed=12
