2024-01-15T08:00:01.234Z [INFO] Server starting on port 8080
2024-01-15T08:00:01.567Z [INFO] Connected to database host=db-primary.internal port=5432
2024-01-15T08:00:01.890Z [INFO] Loading route configuration from /etc/app/routes.yaml
2024-01-15T08:00:02.001Z [DEBUG] Registered route GET /api/users
2024-01-15T08:00:02.002Z [DEBUG] Registered route POST /api/users
2024-01-15T08:00:02.003Z [DEBUG] Registered route GET /api/users/:id
2024-01-15T08:00:02.004Z [DEBUG] Registered route GET /api/orders
2024-01-15T08:00:02.005Z [DEBUG] Registered route POST /api/orders
2024-01-15T08:00:02.123Z [INFO] All routes loaded successfully count=12
2024-01-15T08:00:02.456Z [INFO] Health check endpoint available at /healthz
2024-01-15T08:00:02.789Z [INFO] Server ready to accept connections
2024-01-15T08:01:12.345Z [INFO] request completed method=GET path=/healthz status=200 duration=1ms
2024-01-15T08:01:15.678Z [INFO] request completed method=GET path=/api/users status=200 duration=34ms
2024-01-15T08:01:16.012Z [DEBUG] Cache hit for key=users:list ttl=120s
2024-01-15T08:01:18.345Z [INFO] request completed method=GET path=/api/users/42 status=200 duration=12ms
2024-01-15T08:01:22.678Z [INFO] request completed method=POST path=/api/users status=201 duration=89ms
2024-01-15T08:01:22.901Z [DEBUG] User created id=1047 email=new.user@example.com
2024-01-15T08:01:30.234Z [INFO] request completed method=GET path=/api/orders status=200 duration=67ms
2024-01-15T08:01:35.567Z [INFO] request completed method=GET path=/api/users status=200 duration=28ms
2024-01-15T08:01:40.890Z [WARN] Slow query detected query=SELECT * FROM orders WHERE created_at > $1 duration=1523ms
2024-01-15T08:01:41.123Z [INFO] request completed method=GET path=/api/orders?since=2024-01-01 status=200 duration=1580ms
2024-01-15T08:02:01.456Z [INFO] request completed method=GET path=/healthz status=200 duration=1ms
2024-01-15T08:02:05.789Z [INFO] request completed method=GET path=/api/users status=200 duration=31ms
2024-01-15T08:02:10.012Z [INFO] request completed method=GET path=/api/users/99 status=404 duration=5ms
2024-01-15T08:02:10.013Z [WARN] Resource not found type=user id=99 client_ip=10.0.1.45
2024-01-15T08:02:15.345Z [INFO] request completed method=DELETE path=/api/users/42 status=204 duration=45ms
2024-01-15T08:02:20.678Z [INFO] request completed method=POST path=/api/orders status=201 duration=112ms
2024-01-15T08:02:25.901Z [DEBUG] Order created id=8834 user_id=103 total=149.99
2024-01-15T08:02:30.234Z [INFO] request completed method=GET path=/api/orders/8834 status=200 duration=8ms
2024-01-15T08:02:35.567Z [INFO] request completed method=PUT path=/api/users/103 status=200 duration=56ms
2024-01-15T08:02:40.890Z [INFO] request completed method=GET path=/api/users status=200 duration=29ms
2024-01-15T08:03:01.123Z [INFO] request completed method=GET path=/healthz status=200 duration=1ms
2024-01-15T08:03:05.456Z [ERROR] Database connection timeout host=db-primary.internal retry=1/3
2024-01-15T08:03:06.789Z [WARN] Retrying database connection attempt=2/3
2024-01-15T08:03:07.012Z [INFO] Database connection re-established host=db-primary.internal latency=1556ms
2024-01-15T08:03:10.345Z [INFO] request completed method=GET path=/api/users status=200 duration=45ms
2024-01-15T08:03:15.678Z [INFO] request completed method=GET path=/api/orders status=200 duration=71ms
2024-01-15T08:03:20.901Z [INFO] request completed method=POST path=/api/users status=201 duration=93ms
2024-01-15T08:03:25.234Z [DEBUG] User created id=1048 email=jane.doe@example.com
2024-01-15T08:03:30.567Z [INFO] request completed method=GET path=/api/users/1048 status=200 duration=9ms
2024-01-15T08:03:35.890Z [INFO] request completed method=POST path=/api/orders status=201 duration=105ms
2024-01-15T08:03:40.123Z [INFO] request completed method=GET path=/api/orders status=200 duration=63ms
2024-01-15T08:03:45.456Z [WARN] Rate limit approaching client_ip=10.0.1.200 requests_per_minute=58 limit=60
2024-01-15T08:03:50.789Z [INFO] request completed method=GET path=/api/users status=200 duration=30ms
2024-01-15T08:03:55.012Z [ERROR] Rate limit exceeded client_ip=10.0.1.200 requests_per_minute=61
2024-01-15T08:03:55.013Z [INFO] request completed method=GET path=/api/users status=429 duration=2ms
2024-01-15T08:04:01.345Z [INFO] request completed method=GET path=/healthz status=200 duration=1ms
2024-01-15T08:04:05.678Z [INFO] request completed method=GET path=/api/users status=200 duration=27ms
2024-01-15T08:04:10.901Z [DEBUG] Cache miss for key=orders:user:205 fetching from database
2024-01-15T08:04:11.234Z [INFO] request completed method=GET path=/api/orders?user_id=205 status=200 duration=333ms
2024-01-15T08:04:15.567Z [INFO] request completed method=POST path=/api/users status=201 duration=87ms
2024-01-15T08:04:20.890Z [INFO] request completed method=GET path=/api/users status=200 duration=26ms
2024-01-15T08:04:25.123Z [INFO] request completed method=PUT path=/api/orders/8834 status=200 duration=48ms
2024-01-15T08:04:30.456Z [INFO] request completed method=GET path=/api/users/1048 status=200 duration=7ms
2024-01-15T08:04:35.789Z [WARN] Deprecated API version used client_ip=10.0.2.15 version=v1 recommended=v2
2024-01-15T08:04:40.012Z [INFO] request completed method=GET path=/v1/api/users status=200 duration=35ms
2024-01-15T08:04:45.345Z [INFO] request completed method=GET path=/api/orders status=200 duration=59ms
2024-01-15T08:04:50.678Z [DEBUG] Background job started job=cleanup_expired_sessions
2024-01-15T08:04:51.901Z [DEBUG] Cleaned up 23 expired sessions
2024-01-15T08:04:55.234Z [INFO] request completed method=POST path=/api/orders status=201 duration=98ms
2024-01-15T08:05:01.567Z [INFO] request completed method=GET path=/healthz status=200 duration=1ms
2024-01-15T08:05:05.890Z [INFO] request completed method=GET path=/api/users status=200 duration=32ms
2024-01-15T08:05:10.123Z [INFO] request completed method=GET path=/api/users/500 status=404 duration=4ms
2024-01-15T08:05:15.456Z [INFO] request completed method=POST path=/api/users status=400 duration=3ms
2024-01-15T08:05:15.457Z [WARN] Validation failed field=email message="invalid email format" value=not-an-email
2024-01-15T08:05:20.789Z [INFO] request completed method=GET path=/api/orders status=200 duration=55ms
2024-01-15T08:05:25.012Z [INFO] request completed method=GET path=/api/users status=200 duration=29ms
2024-01-15T08:05:30.345Z [ERROR] Upstream service unavailable service=payment-gateway url=https://payments.internal/api/charge
2024-01-15T08:05:30.678Z [INFO] request completed method=POST path=/api/orders/8835/pay status=502 duration=5023ms
2024-01-15T08:05:35.901Z [WARN] Circuit breaker opened for service=payment-gateway failures=5 threshold=5
2024-01-15T08:05:40.234Z [INFO] request completed method=POST path=/api/orders/8836/pay status=503 duration=1ms
2024-01-15T08:05:40.235Z [WARN] Request rejected by circuit breaker service=payment-gateway
2024-01-15T08:05:45.567Z [INFO] request completed method=GET path=/api/users status=200 duration=28ms
2024-01-15T08:05:50.890Z [INFO] request completed method=GET path=/api/orders status=200 duration=61ms
2024-01-15T08:05:55.123Z [DEBUG] Cache expired for key=users:list refreshing
2024-01-15T08:06:00.456Z [INFO] request completed method=GET path=/api/users status=200 duration=142ms
2024-01-15T08:06:01.789Z [INFO] request completed method=GET path=/healthz status=200 duration=1ms
2024-01-15T08:06:05.012Z [INFO] Circuit breaker half-open for service=payment-gateway testing connection
2024-01-15T08:06:05.345Z [INFO] Upstream service recovered service=payment-gateway latency=234ms
2024-01-15T08:06:05.678Z [INFO] Circuit breaker closed for service=payment-gateway
2024-01-15T08:06:10.901Z [INFO] request completed method=POST path=/api/orders/8835/pay status=200 duration=456ms
2024-01-15T08:06:15.234Z [INFO] request completed method=GET path=/api/users/103 status=200 duration=11ms
2024-01-15T08:06:20.567Z [INFO] request completed method=GET path=/api/orders?status=pending status=200 duration=89ms
2024-01-15T08:06:25.890Z [DEBUG] Webhook dispatched event=order.paid order_id=8835 url=https://hooks.example.com/orders
2024-01-15T08:06:30.123Z [INFO] request completed method=GET path=/api/users status=200 duration=27ms
2024-01-15T08:06:35.456Z [INFO] request completed method=POST path=/api/users status=201 duration=91ms
2024-01-15T08:06:40.789Z [TRACE] SQL query executed query="SELECT id, name, email FROM users WHERE active = true ORDER BY created_at DESC LIMIT 50" rows=50 duration=12ms
2024-01-15T08:06:45.012Z [INFO] request completed method=GET path=/api/users status=200 duration=25ms
2024-01-15T08:06:50.345Z [INFO] request completed method=PUT path=/api/users/1047 status=200 duration=42ms
2024-01-15T08:06:55.678Z [TRACE] SQL query executed query="UPDATE users SET name = $1, updated_at = NOW() WHERE id = $2" rows=1 duration=8ms
2024-01-15T08:07:01.901Z [INFO] request completed method=GET path=/healthz status=200 duration=1ms
2024-01-15T08:07:05.234Z [INFO] request completed method=GET path=/api/orders status=200 duration=58ms
2024-01-15T08:07:10.567Z [INFO] request completed method=DELETE path=/api/orders/8830 status=204 duration=34ms
2024-01-15T08:07:15.890Z [INFO] request completed method=GET path=/api/users status=200 duration=30ms
2024-01-15T08:07:20.123Z [INFO] request completed method=GET path=/api/users/1047 status=200 duration=8ms
2024-01-15T08:07:25.456Z [WARN] TLS certificate expiring soon domain=api.example.com days_remaining=14
2024-01-15T08:07:30.789Z [INFO] request completed method=POST path=/api/orders status=201 duration=107ms
2024-01-15T08:07:35.012Z [INFO] request completed method=GET path=/api/orders/8837 status=200 duration=9ms
2024-01-15T08:07:40.345Z [INFO] request completed method=GET path=/api/users status=200 duration=26ms
2024-01-15T08:07:45.678Z [DEBUG] Background job started job=send_daily_digest
2024-01-15T08:07:46.901Z [DEBUG] Daily digest sent to 145 subscribers
2024-01-15T08:07:50.234Z [INFO] request completed method=GET path=/api/orders?status=shipped status=200 duration=76ms
2024-01-15T08:07:55.567Z [INFO] request completed method=POST path=/api/users status=201 duration=85ms
2024-01-15T08:08:00.890Z [ERROR] Disk space warning partition=/ used=89% threshold=85%
2024-01-15T08:08:01.123Z [INFO] request completed method=GET path=/healthz status=200 duration=1ms
2024-01-15T08:08:05.456Z [INFO] request completed method=GET path=/api/users status=200 duration=31ms
2024-01-15T08:08:10.789Z [INFO] request completed method=GET path=/api/users/1048 status=200 duration=7ms
2024-01-15T08:08:15.012Z [INFO] request completed method=PUT path=/api/orders/8837 status=200 duration=51ms
2024-01-15T08:08:20.345Z [INFO] request completed method=GET path=/api/orders status=200 duration=64ms
2024-01-15T08:08:25.678Z [INFO] request completed method=POST path=/api/orders status=201 duration=99ms
2024-01-15T08:08:30.901Z [DEBUG] Order created id=8838 user_id=1047 total=74.50
2024-01-15T08:08:35.234Z [INFO] request completed method=GET path=/api/users status=200 duration=28ms
2024-01-15T08:08:40.567Z [INFO] request completed method=GET path=/api/orders/8838 status=200 duration=10ms
2024-01-15T08:08:45.890Z [TRACE] Connection pool stats active=12 idle=8 max=20
2024-01-15T08:08:50.123Z [INFO] request completed method=GET path=/api/users?role=admin status=200 duration=19ms
2024-01-15T08:08:55.456Z [INFO] request completed method=GET path=/api/orders status=200 duration=57ms
2024-01-15T08:09:01.789Z [INFO] request completed method=GET path=/healthz status=200 duration=1ms
2024-01-15T08:09:05.012Z [INFO] request completed method=POST path=/api/users status=201 duration=88ms
2024-01-15T08:09:10.345Z [INFO] request completed method=GET path=/api/users status=200 duration=25ms
2024-01-15T08:09:15.678Z [ERROR] Authentication failed user=admin@example.com reason=invalid_password attempts=3
2024-01-15T08:09:15.679Z [WARN] Account locked due to repeated failed login attempts user=admin@example.com lock_duration=15m
2024-01-15T08:09:20.901Z [INFO] request completed method=POST path=/api/auth/login status=401 duration=234ms
2024-01-15T08:09:25.234Z [INFO] request completed method=GET path=/api/users status=200 duration=27ms
2024-01-15T08:09:30.567Z [INFO] request completed method=GET path=/api/orders?user_id=1048 status=200 duration=43ms
2024-01-15T08:09:35.890Z [INFO] request completed method=POST path=/api/orders status=201 duration=101ms
2024-01-15T08:09:40.123Z [DEBUG] Webhook dispatched event=order.created order_id=8839 url=https://hooks.example.com/orders
2024-01-15T08:09:45.456Z [INFO] request completed method=GET path=/api/users/103 status=200 duration=8ms
2024-01-15T08:09:50.789Z [INFO] request completed method=GET path=/api/orders status=200 duration=60ms
2024-01-15T08:09:55.012Z [INFO] request completed method=PUT path=/api/users/1048 status=200 duration=39ms
2024-01-15T08:10:01.345Z [INFO] request completed method=GET path=/healthz status=200 duration=1ms
2024-01-15T08:10:05.678Z [INFO] request completed method=GET path=/api/users status=200 duration=29ms
2024-01-15T08:10:10.901Z [INFO] request completed method=GET path=/api/orders/8839 status=200 duration=11ms
2024-01-15T08:10:15.234Z [INFO] request completed method=POST path=/api/users status=400 duration=2ms
2024-01-15T08:10:15.235Z [WARN] Validation failed field=name message="name is required"
2024-01-15T08:10:20.567Z [INFO] request completed method=GET path=/api/users status=200 duration=26ms
2024-01-15T08:10:25.890Z [INFO] request completed method=POST path=/api/orders status=201 duration=95ms
2024-01-15T08:10:30.123Z [INFO] request completed method=GET path=/api/orders status=200 duration=62ms
2024-01-15T08:10:35.456Z [INFO] request completed method=GET path=/api/users/1047 status=200 duration=9ms
2024-01-15T08:10:40.789Z [WARN] Memory usage elevated heap_used=1.2GB heap_total=1.5GB gc_pause=45ms
2024-01-15T08:10:45.012Z [INFO] request completed method=GET path=/api/users status=200 duration=33ms
2024-01-15T08:10:50.345Z [INFO] request completed method=PUT path=/api/orders/8838 status=200 duration=47ms
2024-01-15T08:10:55.678Z [DEBUG] Cache stats hits=1247 misses=89 hit_rate=93.3%
2024-01-15T08:11:01.901Z [INFO] request completed method=GET path=/healthz status=200 duration=1ms
2024-01-15T08:11:05.234Z [INFO] request completed method=GET path=/api/users status=200 duration=28ms
2024-01-15T08:11:10.567Z [INFO] request completed method=GET path=/api/orders status=200 duration=55ms
2024-01-15T08:11:15.890Z [INFO] request completed method=POST path=/api/users status=201 duration=90ms
2024-01-15T08:11:20.123Z [TRACE] DNS resolution host=db-primary.internal resolved=10.0.0.5 ttl=300s
2024-01-15T08:11:25.456Z [INFO] request completed method=GET path=/api/users status=200 duration=24ms
2024-01-15T08:11:30.789Z [INFO] request completed method=GET path=/api/orders?since=2024-01-14 status=200 duration=187ms
2024-01-15T08:11:35.012Z [INFO] request completed method=DELETE path=/api/users/1001 status=204 duration=38ms
2024-01-15T08:11:40.345Z [INFO] request completed method=GET path=/api/users status=200 duration=27ms
2024-01-15T08:11:45.678Z [ERROR] Failed to send email recipient=user@example.com error="SMTP connection refused" smtp_host=mail.internal
2024-01-15T08:11:45.901Z [WARN] Email notification skipped, will retry in 60s job_id=email-9923
2024-01-15T08:11:50.234Z [INFO] request completed method=POST path=/api/orders status=201 duration=103ms
2024-01-15T08:11:55.567Z [INFO] request completed method=GET path=/api/users/1048 status=200 duration=8ms
2024-01-15T08:12:00.890Z [INFO] request completed method=GET path=/api/orders status=200 duration=59ms
2024-01-15T08:12:01.123Z [INFO] request completed method=GET path=/healthz status=200 duration=1ms
2024-01-15T08:12:05.456Z [INFO] request completed method=GET path=/api/users status=200 duration=30ms
2024-01-15T08:12:10.789Z [INFO] request completed method=POST path=/api/auth/login status=200 duration=145ms
2024-01-15T08:12:10.790Z [DEBUG] Session created user_id=1048 session_id=sess_abc123 expires_in=3600s
2024-01-15T08:12:15.012Z [INFO] request completed method=GET path=/api/users status=200 duration=25ms
2024-01-15T08:12:20.345Z [INFO] request completed method=GET path=/api/orders?status=pending status=200 duration=82ms
2024-01-15T08:12:25.678Z [INFO] request completed method=PUT path=/api/orders/8839 status=200 duration=44ms
2024-01-15T08:12:30.901Z [INFO] request completed method=GET path=/api/users status=200 duration=26ms
2024-01-15T08:12:35.234Z [INFO] request completed method=GET path=/api/users/103 status=200 duration=7ms
2024-01-15T08:12:40.567Z [INFO] request completed method=POST path=/api/orders status=201 duration=97ms
2024-01-15T08:12:45.890Z [DEBUG] Order created id=8840 user_id=103 total=225.00
2024-01-15T08:12:50.123Z [INFO] request completed method=GET path=/api/orders/8840 status=200 duration=10ms
2024-01-15T08:12:55.456Z [INFO] request completed method=GET path=/api/users status=200 duration=29ms
2024-01-15T08:13:00.789Z [WARN] Slow query detected query=SELECT o.*, u.name FROM orders o JOIN users u ON o.user_id = u.id WHERE o.status = $1 duration=2105ms
2024-01-15T08:13:01.012Z [INFO] request completed method=GET path=/healthz status=200 duration=1ms
2024-01-15T08:13:05.345Z [INFO] request completed method=GET path=/api/orders?status=completed status=200 duration=2150ms
2024-01-15T08:13:10.678Z [INFO] request completed method=GET path=/api/users status=200 duration=24ms
2024-01-15T08:13:15.901Z [INFO] request completed method=POST path=/api/users status=201 duration=86ms
2024-01-15T08:13:20.234Z [DEBUG] User created id=1049 email=bob.smith@example.com
2024-01-15T08:13:25.567Z [INFO] request completed method=GET path=/api/users/1049 status=200 duration=9ms
2024-01-15T08:13:30.890Z [INFO] request completed method=GET path=/api/orders status=200 duration=56ms
2024-01-15T08:13:35.123Z [INFO] request completed method=POST path=/api/orders status=201 duration=104ms
2024-01-15T08:13:40.456Z [INFO] request completed method=GET path=/api/users status=200 duration=27ms
2024-01-15T08:13:45.789Z [ERROR] Unhandled exception in request handler path=/api/orders/invalid error="invalid order ID format"
2024-01-15T08:13:45.790Z [INFO] request completed method=GET path=/api/orders/invalid status=500 duration=3ms
2024-01-15T08:13:50.012Z [INFO] request completed method=GET path=/api/users status=200 duration=25ms
2024-01-15T08:13:55.345Z [INFO] request completed method=GET path=/api/orders status=200 duration=61ms
2024-01-15T08:14:00.678Z [TRACE] GC completed generation=2 collected=4521 duration=12ms heap_before=1.3GB heap_after=0.9GB
2024-01-15T08:14:01.901Z [INFO] request completed method=GET path=/healthz status=200 duration=1ms
2024-01-15T08:14:05.234Z [INFO] request completed method=GET path=/api/users status=200 duration=22ms
2024-01-15T08:14:10.567Z [INFO] request completed method=PUT path=/api/users/1049 status=200 duration=41ms
2024-01-15T08:14:15.890Z [INFO] request completed method=GET path=/api/orders?user_id=1049 status=200 duration=15ms
2024-01-15T08:14:20.123Z [INFO] request completed method=POST path=/api/orders status=201 duration=96ms
2024-01-15T08:14:25.456Z [DEBUG] Webhook dispatched event=order.created order_id=8842 url=https://hooks.example.com/orders
2024-01-15T08:14:30.789Z [INFO] request completed method=GET path=/api/users status=200 duration=28ms
2024-01-15T08:14:35.012Z [INFO] request completed method=GET path=/api/orders/8842 status=200 duration=11ms
2024-01-15T08:14:40.345Z [INFO] request completed method=GET path=/api/users/1047 status=200 duration=7ms
2024-01-15T08:14:45.678Z [INFO] request completed method=DELETE path=/api/orders/8836 status=204 duration=29ms
2024-01-15T08:14:50.901Z [INFO] request completed method=GET path=/api/users status=200 duration=26ms
2024-01-15T08:14:55.234Z [INFO] request completed method=GET path=/api/orders status=200 duration=58ms
2024-01-15T08:15:00.567Z [INFO] Graceful shutdown initiated signal=SIGTERM
2024-01-15T08:15:00.890Z [INFO] Draining active connections count=3
2024-01-15T08:15:01.123Z [INFO] All connections drained
2024-01-15T08:15:01.456Z [INFO] Closing database connection pool
2024-01-15T08:15:01.789Z [INFO] Database connections closed
2024-01-15T08:15:02.012Z [INFO] Server stopped cleanly uptime=15m0s requests_served=892
